
[2019-05-10T09:40:59.523] [INFO] default - CWD::C:\Users\Administrator\Ethereal-Software\Software\SoftwareProjects\app-station\app-station\gamestack-js
[2019-05-10T09:40:59.523] [INFO] default - Camera
[2019-05-10T09:40:59.524] [INFO] default - CWD::C:\Users\Administrator\Ethereal-Software\Software\SoftwareProjects\app-station\app-station\gamestack-js
[2019-05-10T09:40:59.524] [INFO] default - Sprite
[2019-05-10T09:40:59.524] [INFO] default - CWD::C:\Users\Administrator\Ethereal-Software\Software\SoftwareProjects\app-station\app-station\gamestack-js
[2019-05-10T09:40:59.524] [INFO] default - Animation
[2019-05-10T09:40:59.524] [INFO] default - CWD::C:\Users\Administrator\Ethereal-Software\Software\SoftwareProjects\app-station\app-station\gamestack-js
[2019-05-10T09:40:59.524] [INFO] default - Frame
[2019-05-10T09:40:59.524] [INFO] default - CWD::C:\Users\Administrator\Ethereal-Software\Software\SoftwareProjects\app-station\app-station\gamestack-js
[2019-05-10T09:40:59.524] [INFO] default - Sound
[2019-05-10T09:40:59.524] [INFO] default - CWD::C:\Users\Administrator\Ethereal-Software\Software\SoftwareProjects\app-station\app-station\gamestack-js
[2019-05-10T09:40:59.524] [INFO] default - GamepadEvent
[2019-05-10T09:40:59.524] [INFO] default - CWD::C:\Users\Administrator\Ethereal-Software\Software\SoftwareProjects\app-station\app-station\gamestack-js
[2019-05-10T09:40:59.524] [INFO] default - InputEvent
[2019-05-10T09:40:59.525] [INFO] default - CWD::C:\Users\Administrator\Ethereal-Software\Software\SoftwareProjects\app-station\app-station\gamestack-js
[2019-05-10T09:40:59.525] [INFO] default - Renderable
[2019-05-10T09:40:59.525] [INFO] default - CWD::C:\Users\Administrator\Ethereal-Software\Software\SoftwareProjects\app-station\app-station\gamestack-js
[2019-05-10T09:40:59.526] [INFO] default - Rectangle
[2019-05-10T09:40:59.526] [INFO] default - CWD::C:\Users\Administrator\Ethereal-Software\Software\SoftwareProjects\app-station\app-station\gamestack-js
[2019-05-10T09:40:59.526] [INFO] default - Shot
[2019-05-10T09:40:59.526] [INFO] default - CWD::C:\Users\Administrator\Ethereal-Software\Software\SoftwareProjects\app-station\app-station\gamestack-js
[2019-05-10T09:40:59.526] [INFO] default - Projectile
[2019-05-10T09:40:59.526] [INFO] default - CWD::C:\Users\Administrator\Ethereal-Software\Software\SoftwareProjects\app-station\app-station\gamestack-js
[2019-05-10T09:40:59.526] [INFO] default - KeyboardEvent
[2019-05-10T09:40:59.526] [INFO] default - CWD::C:\Users\Administrator\Ethereal-Software\Software\SoftwareProjects\app-station\app-station\gamestack-js
[2019-05-10T09:40:59.526] [INFO] default - VectorFrameBounds
[2019-05-10T09:40:59.526] [INFO] default - CWD::C:\Users\Administrator\Ethereal-Software\Software\SoftwareProjects\app-station\app-station\gamestack-js
[2019-05-10T09:40:59.526] [INFO] default - GameImage
[2019-05-10T09:40:59.526] [INFO] default - CWD::C:\Users\Administrator\Ethereal-Software\Software\SoftwareProjects\app-station\app-station\gamestack-js
[2019-05-10T09:40:59.526] [INFO] default - Vector
[2019-05-10T09:40:59.527] [INFO] default - CWD::C:\Users\Administrator\Ethereal-Software\Software\SoftwareProjects\app-station\app-station\gamestack-js
[2019-05-10T09:40:59.527] [INFO] default - WebGL
[2019-05-10T09:40:59.527] [INFO] default - CWD::C:\Users\Administrator\Ethereal-Software\Software\SoftwareProjects\app-station\app-station\gamestack-js
[2019-05-10T09:40:59.527] [INFO] default - BoolEvent
[2019-05-10T09:40:59.527] [INFO] default - CWD::C:\Users\Administrator\Ethereal-Software\Software\SoftwareProjects\app-station\app-station\gamestack-js
[2019-05-10T09:50:10.606] [INFO] default - --gathered examples.json data
[2019-05-10T09:50:10.859] [INFO] default - GameWindow
[2019-05-10T09:50:10.860] [INFO] default - Camera
[2019-05-10T09:50:10.860] [INFO] default - Sprite
[2019-05-10T09:50:10.860] [INFO] default - Animation
[2019-05-10T09:50:10.860] [INFO] default - Frame
[2019-05-10T09:50:10.860] [INFO] default - Sound
[2019-05-10T09:50:10.860] [INFO] default - GamepadEvent
[2019-05-10T09:50:10.860] [INFO] default - InputEvent
[2019-05-10T09:50:10.860] [INFO] default - Renderable
[2019-05-10T09:50:10.860] [INFO] default - Rectangle
[2019-05-10T09:50:10.860] [INFO] default - Shot
[2019-05-10T09:50:10.860] [INFO] default - Projectile
[2019-05-10T09:50:10.861] [INFO] default - KeyboardEvent
[2019-05-10T09:50:10.861] [INFO] default - VectorFrameBounds
[2019-05-10T09:50:10.861] [INFO] default - GameImage
[2019-05-10T09:50:10.861] [INFO] default - Vector
[2019-05-10T09:50:10.862] [INFO] default - WebGL
[2019-05-10T09:50:10.862] [INFO] default - BoolEvent
[2019-05-10T09:50:10.862] [INFO] default - --applying examples
[2019-05-10T09:50:57.083] [INFO] default - --gathered examples.json data
[2019-05-10T09:50:57.369] [INFO] default - GameWindow
[2019-05-10T09:50:57.372] [INFO] default - Camera
[2019-05-10T09:50:57.373] [INFO] default - Sprite
[2019-05-10T09:50:57.373] [INFO] default - Animation
[2019-05-10T09:50:57.373] [INFO] default - Frame
[2019-05-10T09:50:57.373] [INFO] default - Sound
[2019-05-10T09:50:57.373] [INFO] default - GamepadEvent
[2019-05-10T09:50:57.373] [INFO] default - InputEvent
[2019-05-10T09:50:57.373] [INFO] default - Renderable
[2019-05-10T09:50:57.373] [INFO] default - Rectangle
[2019-05-10T09:50:57.373] [INFO] default - Shot
[2019-05-10T09:50:57.374] [INFO] default - Projectile
[2019-05-10T09:50:57.374] [INFO] default - KeyboardEvent
[2019-05-10T09:50:57.374] [INFO] default - VectorFrameBounds
[2019-05-10T09:50:57.374] [INFO] default - GameImage
[2019-05-10T09:50:57.374] [INFO] default - Vector
[2019-05-10T09:50:57.374] [INFO] default - WebGL
[2019-05-10T09:50:57.375] [INFO] default - BoolEvent
[2019-05-10T09:50:57.380] [INFO] default - --applying examples
[2019-05-10T09:52:18.587] [INFO] default - --gathered examples.json data
[2019-05-10T09:52:19.072] [INFO] default - GameWindow
[2019-05-10T09:52:19.074] [INFO] default - Camera
[2019-05-10T09:52:19.074] [INFO] default - Sprite
[2019-05-10T09:52:19.074] [INFO] default - Animation
[2019-05-10T09:52:19.074] [INFO] default - Frame
[2019-05-10T09:52:19.074] [INFO] default - Sound
[2019-05-10T09:52:19.074] [INFO] default - GamepadEvent
[2019-05-10T09:52:19.074] [INFO] default - InputEvent
[2019-05-10T09:52:19.075] [INFO] default - Renderable
[2019-05-10T09:52:19.075] [INFO] default - Rectangle
[2019-05-10T09:52:19.075] [INFO] default - Shot
[2019-05-10T09:52:19.075] [INFO] default - Projectile
[2019-05-10T09:52:19.075] [INFO] default - KeyboardEvent
[2019-05-10T09:52:19.075] [INFO] default - VectorFrameBounds
[2019-05-10T09:52:19.075] [INFO] default - GameImage
[2019-05-10T09:52:19.075] [INFO] default - Vector
[2019-05-10T09:52:19.075] [INFO] default - WebGL
[2019-05-10T09:52:19.075] [INFO] default - BoolEvent
[2019-05-10T09:52:19.076] [INFO] default - --applying examples
[2019-05-10T09:53:13.472] [INFO] default - --gathered examples.json data
[2019-05-10T09:53:13.770] [INFO] default - GameWindow
[2019-05-10T09:53:13.771] [INFO] default - Camera
[2019-05-10T09:53:13.771] [INFO] default - Sprite
[2019-05-10T09:53:13.771] [INFO] default - Animation
[2019-05-10T09:53:13.771] [INFO] default - Frame
[2019-05-10T09:53:13.771] [INFO] default - Sound
[2019-05-10T09:53:13.771] [INFO] default - GamepadEvent
[2019-05-10T09:53:13.771] [INFO] default - InputEvent
[2019-05-10T09:53:13.771] [INFO] default - Renderable
[2019-05-10T09:53:13.772] [INFO] default - Rectangle
[2019-05-10T09:53:13.772] [INFO] default - Shot
[2019-05-10T09:53:13.772] [INFO] default - Projectile
[2019-05-10T09:53:13.772] [INFO] default - KeyboardEvent
[2019-05-10T09:53:13.772] [INFO] default - VectorFrameBounds
[2019-05-10T09:53:13.772] [INFO] default - GameImage
[2019-05-10T09:53:13.772] [INFO] default - Vector
[2019-05-10T09:53:13.772] [INFO] default - WebGL
[2019-05-10T09:53:13.773] [INFO] default - BoolEvent
[2019-05-10T09:53:13.773] [INFO] default - --applying examples
[2019-05-10T09:53:57.463] [INFO] default - --gathered examples.json data
[2019-05-10T09:53:57.741] [INFO] default - GameWindow
[2019-05-10T09:53:57.741] [INFO] default - Camera
[2019-05-10T09:53:57.741] [INFO] default - Sprite
[2019-05-10T09:53:57.741] [INFO] default - Animation
[2019-05-10T09:53:57.741] [INFO] default - Frame
[2019-05-10T09:53:57.741] [INFO] default - Sound
[2019-05-10T09:53:57.741] [INFO] default - GamepadEvent
[2019-05-10T09:53:57.741] [INFO] default - InputEvent
[2019-05-10T09:53:57.741] [INFO] default - Renderable
[2019-05-10T09:53:57.742] [INFO] default - Rectangle
[2019-05-10T09:53:57.742] [INFO] default - Shot
[2019-05-10T09:53:57.742] [INFO] default - Projectile
[2019-05-10T09:53:57.742] [INFO] default - KeyboardEvent
[2019-05-10T09:53:57.742] [INFO] default - VectorFrameBounds
[2019-05-10T09:53:57.742] [INFO] default - GameImage
[2019-05-10T09:53:57.742] [INFO] default - Vector
[2019-05-10T09:53:57.742] [INFO] default - WebGL
[2019-05-10T09:53:57.742] [INFO] default - BoolEvent
[2019-05-10T09:53:57.742] [INFO] default - --applying examples
[2019-05-10T09:54:46.303] [INFO] default - --gathered examples.json data
[2019-05-10T09:54:46.547] [INFO] default - GameWindow
[2019-05-10T09:54:46.547] [INFO] default - Camera
[2019-05-10T09:54:46.547] [INFO] default - Sprite
[2019-05-10T09:54:46.547] [INFO] default - Animation
[2019-05-10T09:54:46.547] [INFO] default - Frame
[2019-05-10T09:54:46.548] [INFO] default - Sound
[2019-05-10T09:54:46.548] [INFO] default - GamepadEvent
[2019-05-10T09:54:46.548] [INFO] default - InputEvent
[2019-05-10T09:54:46.548] [INFO] default - Renderable
[2019-05-10T09:54:46.548] [INFO] default - Rectangle
[2019-05-10T09:54:46.548] [INFO] default - Shot
[2019-05-10T09:54:46.548] [INFO] default - Projectile
[2019-05-10T09:54:46.548] [INFO] default - KeyboardEvent
[2019-05-10T09:54:46.548] [INFO] default - VectorFrameBounds
[2019-05-10T09:54:46.548] [INFO] default - GameImage
[2019-05-10T09:54:46.549] [INFO] default - Vector
[2019-05-10T09:54:46.550] [INFO] default - WebGL
[2019-05-10T09:54:46.550] [INFO] default - BoolEvent
[2019-05-10T09:54:46.550] [INFO] default - --applying examples
[2019-05-10T10:39:01.890] [INFO] default - --gathered examples.json data
[2019-05-10T10:39:02.158] [INFO] default - GameWindow
[2019-05-10T10:39:02.158] [INFO] default - Camera
[2019-05-10T10:39:02.158] [INFO] default - Sprite
[2019-05-10T10:39:02.158] [INFO] default - Animation
[2019-05-10T10:39:02.158] [INFO] default - Frame
[2019-05-10T10:39:02.158] [INFO] default - Sound
[2019-05-10T10:39:02.158] [INFO] default - GamepadEvent
[2019-05-10T10:39:02.158] [INFO] default - InputEvent
[2019-05-10T10:39:02.159] [INFO] default - Renderable
[2019-05-10T10:39:02.159] [INFO] default - Rectangle
[2019-05-10T10:39:02.159] [INFO] default - Shot
[2019-05-10T10:39:02.159] [INFO] default - Projectile
[2019-05-10T10:39:02.159] [INFO] default - KeyboardEvent
[2019-05-10T10:39:02.159] [INFO] default - VectorFrameBounds
[2019-05-10T10:39:02.159] [INFO] default - GameImage
[2019-05-10T10:39:02.159] [INFO] default - Vector
[2019-05-10T10:39:02.159] [INFO] default - WebGL
[2019-05-10T10:39:02.159] [INFO] default - BoolEvent
[2019-05-10T10:39:02.160] [INFO] default - --applying examples
[2019-05-10T10:39:53.427] [INFO] default - --gathered examples.json data
[2019-05-10T10:39:53.722] [INFO] default - GameWindow
[2019-05-10T10:39:53.723] [INFO] default - Camera
[2019-05-10T10:39:53.724] [INFO] default - Sprite
[2019-05-10T10:39:53.724] [INFO] default - Animation
[2019-05-10T10:39:53.724] [INFO] default - Frame
[2019-05-10T10:39:53.724] [INFO] default - Sound
[2019-05-10T10:39:53.724] [INFO] default - GamepadEvent
[2019-05-10T10:39:53.724] [INFO] default - InputEvent
[2019-05-10T10:39:53.724] [INFO] default - Renderable
[2019-05-10T10:39:53.724] [INFO] default - Rectangle
[2019-05-10T10:39:53.724] [INFO] default - Shot
[2019-05-10T10:39:53.724] [INFO] default - Projectile
[2019-05-10T10:39:53.724] [INFO] default - KeyboardEvent
[2019-05-10T10:39:53.724] [INFO] default - VectorFrameBounds
[2019-05-10T10:39:53.724] [INFO] default - GameImage
[2019-05-10T10:39:53.724] [INFO] default - Vector
[2019-05-10T10:39:53.725] [INFO] default - WebGL
[2019-05-10T10:39:53.725] [INFO] default - BoolEvent
[2019-05-10T10:39:53.725] [INFO] default - --applying examples
[2019-05-10T10:41:32.922] [INFO] default - --gathered examples.json data
[2019-05-10T10:41:33.262] [INFO] default - GameWindow
[2019-05-10T10:41:33.262] [INFO] default - Camera
[2019-05-10T10:41:33.263] [INFO] default - Sprite
[2019-05-10T10:41:33.263] [INFO] default - Animation
[2019-05-10T10:41:33.263] [INFO] default - Frame
[2019-05-10T10:41:33.263] [INFO] default - Sound
[2019-05-10T10:41:33.263] [INFO] default - GamepadEvent
[2019-05-10T10:41:33.263] [INFO] default - InputEvent
[2019-05-10T10:41:33.263] [INFO] default - Renderable
[2019-05-10T10:41:33.264] [INFO] default - Rectangle
[2019-05-10T10:41:33.264] [INFO] default - Shot
[2019-05-10T10:41:33.264] [INFO] default - Projectile
[2019-05-10T10:41:33.264] [INFO] default - KeyboardEvent
[2019-05-10T10:41:33.264] [INFO] default - VectorFrameBounds
[2019-05-10T10:41:33.264] [INFO] default - GameImage
[2019-05-10T10:41:33.264] [INFO] default - Vector
[2019-05-10T10:41:33.265] [INFO] default - WebGL
[2019-05-10T10:41:33.265] [INFO] default - BoolEvent
[2019-05-10T10:41:33.265] [INFO] default - --applying examples
[2019-05-10T10:42:31.848] [INFO] default - --gathered examples.json data
[2019-05-10T10:42:32.174] [INFO] default - GameWindow
[2019-05-10T10:42:32.174] [INFO] default - Camera
[2019-05-10T10:42:32.175] [INFO] default - Sprite
[2019-05-10T10:42:32.175] [INFO] default - Animation
[2019-05-10T10:42:32.175] [INFO] default - Frame
[2019-05-10T10:42:32.175] [INFO] default - Sound
[2019-05-10T10:42:32.175] [INFO] default - GamepadEvent
[2019-05-10T10:42:32.175] [INFO] default - InputEvent
[2019-05-10T10:42:32.175] [INFO] default - Renderable
[2019-05-10T10:42:32.175] [INFO] default - Rectangle
[2019-05-10T10:42:32.175] [INFO] default - Shot
[2019-05-10T10:42:32.175] [INFO] default - Projectile
[2019-05-10T10:42:32.175] [INFO] default - KeyboardEvent
[2019-05-10T10:42:32.176] [INFO] default - VectorFrameBounds
[2019-05-10T10:42:32.176] [INFO] default - GameImage
[2019-05-10T10:42:32.176] [INFO] default - Vector
[2019-05-10T10:42:32.176] [INFO] default - WebGL
[2019-05-10T10:42:32.176] [INFO] default - BoolEvent
[2019-05-10T10:42:32.177] [INFO] default - --applying examples
[2019-05-10T10:44:12.254] [INFO] default - --gathered examples.json data
[2019-05-10T10:44:12.532] [INFO] default - GameWindow
[2019-05-10T10:44:12.532] [INFO] default - Camera
[2019-05-10T10:44:12.532] [INFO] default - Sprite
[2019-05-10T10:44:12.532] [INFO] default - Animation
[2019-05-10T10:44:12.532] [INFO] default - Frame
[2019-05-10T10:44:12.532] [INFO] default - Sound
[2019-05-10T10:44:12.532] [INFO] default - GamepadEvent
[2019-05-10T10:44:12.532] [INFO] default - InputEvent
[2019-05-10T10:44:12.532] [INFO] default - Renderable
[2019-05-10T10:44:12.533] [INFO] default - Rectangle
[2019-05-10T10:44:12.533] [INFO] default - Shot
[2019-05-10T10:44:12.533] [INFO] default - Projectile
[2019-05-10T10:44:12.533] [INFO] default - KeyboardEvent
[2019-05-10T10:44:12.533] [INFO] default - VectorFrameBounds
[2019-05-10T10:44:12.533] [INFO] default - GameImage
[2019-05-10T10:44:12.533] [INFO] default - Vector
[2019-05-10T10:44:12.533] [INFO] default - WebGL
[2019-05-10T10:44:12.533] [INFO] default - BoolEvent
[2019-05-10T10:44:12.533] [INFO] default - --applying examples
[2019-05-10T10:45:07.014] [INFO] default - --gathered examples.json data
[2019-05-10T10:45:07.312] [INFO] default - GameWindow
[2019-05-10T10:45:07.312] [INFO] default - Camera
[2019-05-10T10:45:07.313] [INFO] default - Sprite
[2019-05-10T10:45:07.313] [INFO] default - Animation
[2019-05-10T10:45:07.313] [INFO] default - Frame
[2019-05-10T10:45:07.313] [INFO] default - Sound
[2019-05-10T10:45:07.313] [INFO] default - GamepadEvent
[2019-05-10T10:45:07.313] [INFO] default - InputEvent
[2019-05-10T10:45:07.313] [INFO] default - Renderable
[2019-05-10T10:45:07.313] [INFO] default - Rectangle
[2019-05-10T10:45:07.313] [INFO] default - Shot
[2019-05-10T10:45:07.313] [INFO] default - Projectile
[2019-05-10T10:45:07.313] [INFO] default - KeyboardEvent
[2019-05-10T10:45:07.313] [INFO] default - VectorFrameBounds
[2019-05-10T10:45:07.313] [INFO] default - GameImage
[2019-05-10T10:45:07.313] [INFO] default - Vector
[2019-05-10T10:45:07.313] [INFO] default - WebGL
[2019-05-10T10:45:07.313] [INFO] default - BoolEvent
[2019-05-10T10:45:07.313] [INFO] default - --applying examples
[2019-05-10T10:47:57.352] [INFO] default - --gathered examples.json data
[2019-05-10T10:47:57.623] [INFO] default - GameWindow
[2019-05-10T10:47:57.623] [INFO] default - Camera
[2019-05-10T10:47:57.624] [INFO] default - Sprite
[2019-05-10T10:47:57.624] [INFO] default - Animation
[2019-05-10T10:47:57.624] [INFO] default - Frame
[2019-05-10T10:47:57.624] [INFO] default - Sound
[2019-05-10T10:47:57.624] [INFO] default - GamepadEvent
[2019-05-10T10:47:57.624] [INFO] default - InputEvent
[2019-05-10T10:47:57.624] [INFO] default - Renderable
[2019-05-10T10:47:57.624] [INFO] default - Rectangle
[2019-05-10T10:47:57.624] [INFO] default - Shot
[2019-05-10T10:47:57.624] [INFO] default - Projectile
[2019-05-10T10:47:57.624] [INFO] default - KeyboardEvent
[2019-05-10T10:47:57.624] [INFO] default - VectorFrameBounds
[2019-05-10T10:47:57.624] [INFO] default - GameImage
[2019-05-10T10:47:57.624] [INFO] default - Vector
[2019-05-10T10:47:57.625] [INFO] default - WebGL
[2019-05-10T10:47:57.625] [INFO] default - BoolEvent
[2019-05-10T10:47:57.625] [INFO] default - --applying examples
[2019-05-10T10:48:18.034] [INFO] default - --gathered examples.json data
[2019-05-10T10:48:18.314] [INFO] default - GameWindow
[2019-05-10T10:48:18.314] [INFO] default - Camera
[2019-05-10T10:48:18.314] [INFO] default - Sprite
[2019-05-10T10:48:18.314] [INFO] default - Animation
[2019-05-10T10:48:18.314] [INFO] default - Frame
[2019-05-10T10:48:18.314] [INFO] default - Sound
[2019-05-10T10:48:18.314] [INFO] default - GamepadEvent
[2019-05-10T10:48:18.314] [INFO] default - InputEvent
[2019-05-10T10:48:18.315] [INFO] default - Renderable
[2019-05-10T10:48:18.315] [INFO] default - Rectangle
[2019-05-10T10:48:18.315] [INFO] default - Shot
[2019-05-10T10:48:18.315] [INFO] default - Projectile
[2019-05-10T10:48:18.315] [INFO] default - KeyboardEvent
[2019-05-10T10:48:18.315] [INFO] default - VectorFrameBounds
[2019-05-10T10:48:18.315] [INFO] default - GameImage
[2019-05-10T10:48:18.315] [INFO] default - Vector
[2019-05-10T10:48:18.315] [INFO] default - WebGL
[2019-05-10T10:48:18.316] [INFO] default - BoolEvent
[2019-05-10T10:48:18.316] [INFO] default - --applying examples
[2019-05-10T10:52:44.576] [INFO] default - --gathered examples.json data
[2019-05-10T10:52:44.895] [INFO] default - GameWindow
[2019-05-10T10:52:44.896] [INFO] default - Camera
[2019-05-10T10:52:44.896] [INFO] default - Sprite
[2019-05-10T10:52:44.896] [INFO] default - Animation
[2019-05-10T10:52:44.896] [INFO] default - Frame
[2019-05-10T10:52:44.896] [INFO] default - Sound
[2019-05-10T10:52:44.896] [INFO] default - GamepadEvent
[2019-05-10T10:52:44.896] [INFO] default - InputEvent
[2019-05-10T10:52:44.896] [INFO] default - Renderable
[2019-05-10T10:52:44.896] [INFO] default - Rectangle
[2019-05-10T10:52:44.896] [INFO] default - Shot
[2019-05-10T10:52:44.896] [INFO] default - Projectile
[2019-05-10T10:52:44.896] [INFO] default - KeyboardEvent
[2019-05-10T10:52:44.896] [INFO] default - VectorFrameBounds
[2019-05-10T10:52:44.896] [INFO] default - GameImage
[2019-05-10T10:52:44.897] [INFO] default - Vector
[2019-05-10T10:52:44.897] [INFO] default - WebGL
[2019-05-10T10:52:44.897] [INFO] default - BoolEvent
[2019-05-10T10:52:44.897] [INFO] default - --applying examples
[2019-05-10T10:53:09.726] [INFO] default - --gathered examples.json data
[2019-05-10T10:53:10.072] [INFO] default - GameWindow
[2019-05-10T10:53:10.072] [INFO] default - Camera
[2019-05-10T10:53:10.072] [INFO] default - Sprite
[2019-05-10T10:53:10.072] [INFO] default - Animation
[2019-05-10T10:53:10.072] [INFO] default - Frame
[2019-05-10T10:53:10.072] [INFO] default - Sound
[2019-05-10T10:53:10.072] [INFO] default - GamepadEvent
[2019-05-10T10:53:10.072] [INFO] default - InputEvent
[2019-05-10T10:53:10.073] [INFO] default - Renderable
[2019-05-10T10:53:10.073] [INFO] default - Rectangle
[2019-05-10T10:53:10.073] [INFO] default - Shot
[2019-05-10T10:53:10.073] [INFO] default - Projectile
[2019-05-10T10:53:10.073] [INFO] default - KeyboardEvent
[2019-05-10T10:53:10.073] [INFO] default - VectorFrameBounds
[2019-05-10T10:53:10.073] [INFO] default - GameImage
[2019-05-10T10:53:10.073] [INFO] default - Vector
[2019-05-10T10:53:10.074] [INFO] default - WebGL
[2019-05-10T10:53:10.074] [INFO] default - BoolEvent
[2019-05-10T10:53:10.074] [INFO] default - --applying examples
[2019-05-10T10:54:43.077] [INFO] default - --gathered examples.json data
[2019-05-10T10:54:43.327] [INFO] default - GameWindow
[2019-05-10T10:54:43.327] [INFO] default - Camera
[2019-05-10T10:54:43.328] [INFO] default - Sprite
[2019-05-10T10:54:43.328] [INFO] default - Animation
[2019-05-10T10:54:43.329] [INFO] default - Frame
[2019-05-10T10:54:43.329] [INFO] default - Sound
[2019-05-10T10:54:43.329] [INFO] default - GamepadEvent
[2019-05-10T10:54:43.329] [INFO] default - InputEvent
[2019-05-10T10:54:43.329] [INFO] default - Renderable
[2019-05-10T10:54:43.329] [INFO] default - Rectangle
[2019-05-10T10:54:43.329] [INFO] default - Shot
[2019-05-10T10:54:43.329] [INFO] default - Projectile
[2019-05-10T10:54:43.329] [INFO] default - KeyboardEvent
[2019-05-10T10:54:43.329] [INFO] default - VectorFrameBounds
[2019-05-10T10:54:43.329] [INFO] default - GameImage
[2019-05-10T10:54:43.329] [INFO] default - Vector
[2019-05-10T10:54:43.329] [INFO] default - WebGL
[2019-05-10T10:54:43.330] [INFO] default - BoolEvent
[2019-05-10T10:54:43.330] [INFO] default - --applying examples
[2019-05-10T10:57:16.146] [INFO] default - --gathered examples.json data
[2019-05-10T10:57:16.443] [INFO] default - GameWindow
[2019-05-10T10:57:16.443] [INFO] default - Camera
[2019-05-10T10:57:16.444] [INFO] default - Sprite
[2019-05-10T10:57:16.444] [INFO] default - Animation
[2019-05-10T10:57:16.444] [INFO] default - Frame
[2019-05-10T10:57:16.444] [INFO] default - Sound
[2019-05-10T10:57:16.444] [INFO] default - GamepadEvent
[2019-05-10T10:57:16.444] [INFO] default - InputEvent
[2019-05-10T10:57:16.444] [INFO] default - Renderable
[2019-05-10T10:57:16.444] [INFO] default - Rectangle
[2019-05-10T10:57:16.444] [INFO] default - Shot
[2019-05-10T10:57:16.445] [INFO] default - Projectile
[2019-05-10T10:57:16.445] [INFO] default - KeyboardEvent
[2019-05-10T10:57:16.445] [INFO] default - VectorFrameBounds
[2019-05-10T10:57:16.445] [INFO] default - GameImage
[2019-05-10T10:57:16.445] [INFO] default - Vector
[2019-05-10T10:57:16.445] [INFO] default - WebGL
[2019-05-10T10:57:16.445] [INFO] default - BoolEvent
[2019-05-10T10:57:16.445] [INFO] default - --applying examples
[2019-05-10T10:58:39.831] [INFO] default - --gathered examples.json data
[2019-05-10T10:58:40.140] [INFO] default - GameWindow
[2019-05-10T10:58:40.140] [INFO] default - Camera
[2019-05-10T10:58:40.140] [INFO] default - Sprite
[2019-05-10T10:58:40.140] [INFO] default - Animation
[2019-05-10T10:58:40.140] [INFO] default - Frame
[2019-05-10T10:58:40.140] [INFO] default - Sound
[2019-05-10T10:58:40.140] [INFO] default - GamepadEvent
[2019-05-10T10:58:40.140] [INFO] default - InputEvent
[2019-05-10T10:58:40.140] [INFO] default - Renderable
[2019-05-10T10:58:40.140] [INFO] default - Rectangle
[2019-05-10T10:58:40.140] [INFO] default - Shot
[2019-05-10T10:58:40.141] [INFO] default - Projectile
[2019-05-10T10:58:40.141] [INFO] default - KeyboardEvent
[2019-05-10T10:58:40.141] [INFO] default - VectorFrameBounds
[2019-05-10T10:58:40.141] [INFO] default - GameImage
[2019-05-10T10:58:40.141] [INFO] default - Vector
[2019-05-10T10:58:40.141] [INFO] default - WebGL
[2019-05-10T10:58:40.141] [INFO] default - BoolEvent
[2019-05-10T10:58:40.141] [INFO] default - --applying examples
[2019-05-10T11:01:29.002] [INFO] default - --gathered examples.json data
[2019-05-10T11:01:29.296] [INFO] default - GameWindow
[2019-05-10T11:01:29.297] [INFO] default - Camera
[2019-05-10T11:01:29.297] [INFO] default - Sprite
[2019-05-10T11:01:29.297] [INFO] default - Animation
[2019-05-10T11:01:29.297] [INFO] default - Frame
[2019-05-10T11:01:29.297] [INFO] default - Sound
[2019-05-10T11:01:29.297] [INFO] default - GamepadEvent
[2019-05-10T11:01:29.297] [INFO] default - InputEvent
[2019-05-10T11:01:29.300] [INFO] default - Renderable
[2019-05-10T11:01:29.300] [INFO] default - Rectangle
[2019-05-10T11:01:29.300] [INFO] default - Shot
[2019-05-10T11:01:29.300] [INFO] default - Projectile
[2019-05-10T11:01:29.300] [INFO] default - KeyboardEvent
[2019-05-10T11:01:29.301] [INFO] default - VectorFrameBounds
[2019-05-10T11:01:29.301] [INFO] default - GameImage
[2019-05-10T11:01:29.301] [INFO] default - Vector
[2019-05-10T11:01:29.301] [INFO] default - WebGL
[2019-05-10T11:01:29.301] [INFO] default - BoolEvent
[2019-05-10T11:01:29.302] [INFO] default - --applying examples
[2019-05-10T11:03:22.723] [INFO] default - --gathered examples.json data
[2019-05-10T11:03:23.004] [INFO] default - GameWindow
[2019-05-10T11:03:23.004] [INFO] default - Camera
[2019-05-10T11:03:23.005] [INFO] default - Sprite
[2019-05-10T11:03:23.005] [INFO] default - Animation
[2019-05-10T11:03:23.005] [INFO] default - Frame
[2019-05-10T11:03:23.005] [INFO] default - Sound
[2019-05-10T11:03:23.005] [INFO] default - GamepadEvent
[2019-05-10T11:03:23.006] [INFO] default - InputEvent
[2019-05-10T11:03:23.006] [INFO] default - Renderable
[2019-05-10T11:03:23.006] [INFO] default - Rectangle
[2019-05-10T11:03:23.006] [INFO] default - Shot
[2019-05-10T11:03:23.006] [INFO] default - Projectile
[2019-05-10T11:03:23.006] [INFO] default - KeyboardEvent
[2019-05-10T11:03:23.006] [INFO] default - VectorFrameBounds
[2019-05-10T11:03:23.006] [INFO] default - GameImage
[2019-05-10T11:03:23.006] [INFO] default - Vector
[2019-05-10T11:03:23.006] [INFO] default - WebGL
[2019-05-10T11:03:23.006] [INFO] default - BoolEvent
[2019-05-10T11:03:23.015] [INFO] default - --applying examples
[2019-05-10T11:03:54.361] [INFO] default - --gathered examples.json data
[2019-05-10T11:03:54.648] [INFO] default - GameWindow
[2019-05-10T11:03:54.649] [INFO] default - Camera
[2019-05-10T11:03:54.649] [INFO] default - Sprite
[2019-05-10T11:03:54.649] [INFO] default - Animation
[2019-05-10T11:03:54.649] [INFO] default - Frame
[2019-05-10T11:03:54.649] [INFO] default - Sound
[2019-05-10T11:03:54.649] [INFO] default - GamepadEvent
[2019-05-10T11:03:54.649] [INFO] default - InputEvent
[2019-05-10T11:03:54.649] [INFO] default - Renderable
[2019-05-10T11:03:54.649] [INFO] default - Rectangle
[2019-05-10T11:03:54.649] [INFO] default - Shot
[2019-05-10T11:03:54.649] [INFO] default - Projectile
[2019-05-10T11:03:54.649] [INFO] default - KeyboardEvent
[2019-05-10T11:03:54.649] [INFO] default - VectorFrameBounds
[2019-05-10T11:03:54.649] [INFO] default - GameImage
[2019-05-10T11:03:54.650] [INFO] default - Vector
[2019-05-10T11:03:54.650] [INFO] default - WebGL
[2019-05-10T11:03:54.650] [INFO] default - BoolEvent
[2019-05-10T11:03:54.650] [INFO] default - --applying examples
[2019-05-10T11:04:41.008] [INFO] default - --gathered examples.json data
[2019-05-10T11:04:41.278] [INFO] default - GameWindow
[2019-05-10T11:04:41.279] [INFO] default - Camera
[2019-05-10T11:04:41.279] [INFO] default - Sprite
[2019-05-10T11:04:41.279] [INFO] default - Animation
[2019-05-10T11:04:41.279] [INFO] default - Frame
[2019-05-10T11:04:41.279] [INFO] default - Sound
[2019-05-10T11:04:41.279] [INFO] default - GamepadEvent
[2019-05-10T11:04:41.279] [INFO] default - InputEvent
[2019-05-10T11:04:41.279] [INFO] default - Renderable
[2019-05-10T11:04:41.279] [INFO] default - Rectangle
[2019-05-10T11:04:41.279] [INFO] default - Shot
[2019-05-10T11:04:41.279] [INFO] default - Projectile
[2019-05-10T11:04:41.279] [INFO] default - KeyboardEvent
[2019-05-10T11:04:41.279] [INFO] default - VectorFrameBounds
[2019-05-10T11:04:41.279] [INFO] default - GameImage
[2019-05-10T11:04:41.279] [INFO] default - Vector
[2019-05-10T11:04:41.280] [INFO] default - WebGL
[2019-05-10T11:04:41.280] [INFO] default - BoolEvent
[2019-05-10T11:04:41.280] [INFO] default - --applying examples
[2019-05-10T11:05:33.914] [INFO] default - --gathered examples.json data
[2019-05-10T11:05:34.300] [INFO] default - GameWindow
[2019-05-10T11:05:34.300] [INFO] default - Camera
[2019-05-10T11:05:34.301] [INFO] default - Sprite
[2019-05-10T11:05:34.301] [INFO] default - Animation
[2019-05-10T11:05:34.301] [INFO] default - Frame
[2019-05-10T11:05:34.301] [INFO] default - Sound
[2019-05-10T11:05:34.301] [INFO] default - GamepadEvent
[2019-05-10T11:05:34.301] [INFO] default - InputEvent
[2019-05-10T11:05:34.301] [INFO] default - Renderable
[2019-05-10T11:05:34.301] [INFO] default - Rectangle
[2019-05-10T11:05:34.301] [INFO] default - Shot
[2019-05-10T11:05:34.301] [INFO] default - Projectile
[2019-05-10T11:05:34.301] [INFO] default - KeyboardEvent
[2019-05-10T11:05:34.301] [INFO] default - VectorFrameBounds
[2019-05-10T11:05:34.301] [INFO] default - GameImage
[2019-05-10T11:05:34.302] [INFO] default - Vector
[2019-05-10T11:05:34.302] [INFO] default - WebGL
[2019-05-10T11:05:34.302] [INFO] default - BoolEvent
[2019-05-10T11:05:34.302] [INFO] default - --applying examples
[2019-05-10T11:07:12.912] [INFO] default - --gathered examples.json data
[2019-05-10T11:07:13.197] [INFO] default - GameWindow
[2019-05-10T11:07:13.197] [INFO] default - Camera
[2019-05-10T11:07:13.198] [INFO] default - Sprite
[2019-05-10T11:07:13.198] [INFO] default - Animation
[2019-05-10T11:07:13.198] [INFO] default - Frame
[2019-05-10T11:07:13.198] [INFO] default - Sound
[2019-05-10T11:07:13.198] [INFO] default - GamepadEvent
[2019-05-10T11:07:13.198] [INFO] default - InputEvent
[2019-05-10T11:07:13.198] [INFO] default - Renderable
[2019-05-10T11:07:13.198] [INFO] default - Rectangle
[2019-05-10T11:07:13.199] [INFO] default - Shot
[2019-05-10T11:07:13.199] [INFO] default - Projectile
[2019-05-10T11:07:13.199] [INFO] default - KeyboardEvent
[2019-05-10T11:07:13.199] [INFO] default - VectorFrameBounds
[2019-05-10T11:07:13.199] [INFO] default - GameImage
[2019-05-10T11:07:13.199] [INFO] default - Vector
[2019-05-10T11:07:13.200] [INFO] default - WebGL
[2019-05-10T11:07:13.200] [INFO] default - BoolEvent
[2019-05-10T11:07:13.200] [INFO] default - --applying examples
[2019-05-10T11:08:17.011] [INFO] default - --gathered examples.json data
[2019-05-10T11:08:17.326] [INFO] default - GameWindow
[2019-05-10T11:08:17.326] [INFO] default - Camera
[2019-05-10T11:08:17.327] [INFO] default - Sprite
[2019-05-10T11:08:17.327] [INFO] default - Animation
[2019-05-10T11:08:17.327] [INFO] default - Frame
[2019-05-10T11:08:17.327] [INFO] default - Sound
[2019-05-10T11:08:17.327] [INFO] default - GamepadEvent
[2019-05-10T11:08:17.327] [INFO] default - InputEvent
[2019-05-10T11:08:17.327] [INFO] default - Renderable
[2019-05-10T11:08:17.327] [INFO] default - Rectangle
[2019-05-10T11:08:17.327] [INFO] default - Shot
[2019-05-10T11:08:17.327] [INFO] default - Projectile
[2019-05-10T11:08:17.327] [INFO] default - KeyboardEvent
[2019-05-10T11:08:17.327] [INFO] default - VectorFrameBounds
[2019-05-10T11:08:17.328] [INFO] default - GameImage
[2019-05-10T11:08:17.328] [INFO] default - Vector
[2019-05-10T11:08:17.329] [INFO] default - WebGL
[2019-05-10T11:08:17.330] [INFO] default - BoolEvent
[2019-05-10T11:08:17.331] [INFO] default - --applying examples
[2019-05-10T11:17:10.911] [INFO] default - --gathered examples.json data
[2019-05-10T11:17:11.206] [INFO] default - GameWindow
[2019-05-10T11:17:11.206] [INFO] default - Camera
[2019-05-10T11:17:11.207] [INFO] default - Sprite
[2019-05-10T11:17:11.207] [INFO] default - Animation
[2019-05-10T11:17:11.207] [INFO] default - Frame
[2019-05-10T11:17:11.207] [INFO] default - Sound
[2019-05-10T11:17:11.207] [INFO] default - GamepadEvent
[2019-05-10T11:17:11.207] [INFO] default - InputEvent
[2019-05-10T11:17:11.207] [INFO] default - Renderable
[2019-05-10T11:17:11.207] [INFO] default - Rectangle
[2019-05-10T11:17:11.207] [INFO] default - Shot
[2019-05-10T11:17:11.208] [INFO] default - Projectile
[2019-05-10T11:17:11.208] [INFO] default - KeyboardEvent
[2019-05-10T11:17:11.208] [INFO] default - VectorFrameBounds
[2019-05-10T11:17:11.208] [INFO] default - GameImage
[2019-05-10T11:17:11.208] [INFO] default - Vector
[2019-05-10T11:17:11.208] [INFO] default - WebGL
[2019-05-10T11:17:11.209] [INFO] default - BoolEvent
[2019-05-10T11:17:11.209] [INFO] default - --applying examples
[2019-05-10T11:20:14.592] [INFO] default - --gathered examples.json data
[2019-05-10T11:20:14.864] [INFO] default - GameWindow
[2019-05-10T11:20:14.864] [INFO] default - Camera
[2019-05-10T11:20:14.866] [INFO] default - Sprite
[2019-05-10T11:20:14.866] [INFO] default - Animation
[2019-05-10T11:20:14.866] [INFO] default - Frame
[2019-05-10T11:20:14.866] [INFO] default - Sound
[2019-05-10T11:20:14.866] [INFO] default - GamepadEvent
[2019-05-10T11:20:14.866] [INFO] default - InputEvent
[2019-05-10T11:20:14.867] [INFO] default - Renderable
[2019-05-10T11:20:14.867] [INFO] default - Rectangle
[2019-05-10T11:20:14.867] [INFO] default - Shot
[2019-05-10T11:20:14.867] [INFO] default - Projectile
[2019-05-10T11:20:14.867] [INFO] default - KeyboardEvent
[2019-05-10T11:20:14.867] [INFO] default - VectorFrameBounds
[2019-05-10T11:20:14.867] [INFO] default - GameImage
[2019-05-10T11:20:14.867] [INFO] default - Vector
[2019-05-10T11:20:14.868] [INFO] default - WebGL
[2019-05-10T11:20:14.868] [INFO] default - BoolEvent
[2019-05-10T11:20:14.868] [INFO] default - --applying examples
[2019-05-10T11:21:33.998] [INFO] default - --gathered examples.json data
[2019-05-10T11:21:34.409] [INFO] default - GameWindow
[2019-05-10T11:21:34.410] [INFO] default - Camera
[2019-05-10T11:21:34.410] [INFO] default - Sprite
[2019-05-10T11:21:34.410] [INFO] default - Animation
[2019-05-10T11:21:34.410] [INFO] default - Frame
[2019-05-10T11:21:34.410] [INFO] default - Sound
[2019-05-10T11:21:34.410] [INFO] default - GamepadEvent
[2019-05-10T11:21:34.410] [INFO] default - InputEvent
[2019-05-10T11:21:34.410] [INFO] default - Renderable
[2019-05-10T11:21:34.410] [INFO] default - Rectangle
[2019-05-10T11:21:34.410] [INFO] default - Shot
[2019-05-10T11:21:34.410] [INFO] default - Projectile
[2019-05-10T11:21:34.410] [INFO] default - KeyboardEvent
[2019-05-10T11:21:34.410] [INFO] default - VectorFrameBounds
[2019-05-10T11:21:34.410] [INFO] default - GameImage
[2019-05-10T11:21:34.410] [INFO] default - Vector
[2019-05-10T11:21:34.411] [INFO] default - WebGL
[2019-05-10T11:21:34.411] [INFO] default - BoolEvent
[2019-05-10T11:21:34.411] [INFO] default - --applying examples
[2019-05-10T11:22:09.829] [INFO] default - --gathered examples.json data
[2019-05-10T11:22:10.143] [INFO] default - GameWindow
[2019-05-10T11:22:10.143] [INFO] default - Camera
[2019-05-10T11:22:10.144] [INFO] default - Sprite
[2019-05-10T11:22:10.144] [INFO] default - Animation
[2019-05-10T11:22:10.144] [INFO] default - Frame
[2019-05-10T11:22:10.144] [INFO] default - Sound
[2019-05-10T11:22:10.144] [INFO] default - GamepadEvent
[2019-05-10T11:22:10.144] [INFO] default - InputEvent
[2019-05-10T11:22:10.144] [INFO] default - Renderable
[2019-05-10T11:22:10.144] [INFO] default - Rectangle
[2019-05-10T11:22:10.144] [INFO] default - Shot
[2019-05-10T11:22:10.144] [INFO] default - Projectile
[2019-05-10T11:22:10.145] [INFO] default - KeyboardEvent
[2019-05-10T11:22:10.145] [INFO] default - VectorFrameBounds
[2019-05-10T11:22:10.145] [INFO] default - GameImage
[2019-05-10T11:22:10.145] [INFO] default - Vector
[2019-05-10T11:22:10.147] [INFO] default - WebGL
[2019-05-10T11:22:10.147] [INFO] default - BoolEvent
[2019-05-10T11:22:10.147] [INFO] default - --applying examples
[2019-05-10T11:22:51.231] [INFO] default - --gathered examples.json data
[2019-05-10T11:22:51.497] [INFO] default - GameWindow
[2019-05-10T11:22:51.498] [INFO] default - Camera
[2019-05-10T11:22:51.498] [INFO] default - Sprite
[2019-05-10T11:22:51.498] [INFO] default - Animation
[2019-05-10T11:22:51.498] [INFO] default - Frame
[2019-05-10T11:22:51.498] [INFO] default - Sound
[2019-05-10T11:22:51.498] [INFO] default - GamepadEvent
[2019-05-10T11:22:51.498] [INFO] default - InputEvent
[2019-05-10T11:22:51.498] [INFO] default - Renderable
[2019-05-10T11:22:51.498] [INFO] default - Rectangle
[2019-05-10T11:22:51.498] [INFO] default - Shot
[2019-05-10T11:22:51.498] [INFO] default - Projectile
[2019-05-10T11:22:51.498] [INFO] default - KeyboardEvent
[2019-05-10T11:22:51.498] [INFO] default - VectorFrameBounds
[2019-05-10T11:22:51.498] [INFO] default - GameImage
[2019-05-10T11:22:51.498] [INFO] default - Vector
[2019-05-10T11:22:51.499] [INFO] default - WebGL
[2019-05-10T11:22:51.499] [INFO] default - BoolEvent
[2019-05-10T11:22:51.499] [INFO] default - --applying examples
[2019-05-10T11:23:40.850] [INFO] default - --gathered examples.json data
[2019-05-10T11:23:41.121] [INFO] default - GameWindow
[2019-05-10T11:23:41.122] [INFO] default - Camera
[2019-05-10T11:23:41.122] [INFO] default - Sprite
[2019-05-10T11:23:41.122] [INFO] default - Animation
[2019-05-10T11:23:41.122] [INFO] default - Frame
[2019-05-10T11:23:41.122] [INFO] default - Sound
[2019-05-10T11:23:41.122] [INFO] default - GamepadEvent
[2019-05-10T11:23:41.122] [INFO] default - InputEvent
[2019-05-10T11:23:41.122] [INFO] default - Renderable
[2019-05-10T11:23:41.122] [INFO] default - Rectangle
[2019-05-10T11:23:41.122] [INFO] default - Shot
[2019-05-10T11:23:41.122] [INFO] default - Projectile
[2019-05-10T11:23:41.122] [INFO] default - KeyboardEvent
[2019-05-10T11:23:41.122] [INFO] default - VectorFrameBounds
[2019-05-10T11:23:41.122] [INFO] default - GameImage
[2019-05-10T11:23:41.122] [INFO] default - Vector
[2019-05-10T11:23:41.123] [INFO] default - WebGL
[2019-05-10T11:23:41.123] [INFO] default - BoolEvent
[2019-05-10T11:23:41.123] [INFO] default - --applying examples
[2019-05-10T11:30:15.967] [INFO] default - --gathered examples.json data
[2019-05-10T11:30:16.268] [INFO] default - GameWindow
[2019-05-10T11:30:16.268] [INFO] default - Camera
[2019-05-10T11:30:16.268] [INFO] default - Sprite
[2019-05-10T11:30:16.268] [INFO] default - Animation
[2019-05-10T11:30:16.268] [INFO] default - Frame
[2019-05-10T11:30:16.268] [INFO] default - Sound
[2019-05-10T11:30:16.268] [INFO] default - GamepadEvent
[2019-05-10T11:30:16.268] [INFO] default - InputEvent
[2019-05-10T11:30:16.268] [INFO] default - Renderable
[2019-05-10T11:30:16.268] [INFO] default - Rectangle
[2019-05-10T11:30:16.269] [INFO] default - Shot
[2019-05-10T11:30:16.269] [INFO] default - Projectile
[2019-05-10T11:30:16.269] [INFO] default - KeyboardEvent
[2019-05-10T11:30:16.269] [INFO] default - VectorFrameBounds
[2019-05-10T11:30:16.269] [INFO] default - GameImage
[2019-05-10T11:30:16.269] [INFO] default - Vector
[2019-05-10T11:30:16.269] [INFO] default - WebGL
[2019-05-10T11:30:16.269] [INFO] default - BoolEvent
[2019-05-10T11:30:16.269] [INFO] default - --applying examples
[2019-05-10T12:13:49.295] [INFO] default - --gathered examples.json data
[2019-05-10T12:13:49.576] [INFO] default - GameWindow
[2019-05-10T12:13:49.576] [INFO] default - Camera
[2019-05-10T12:13:49.576] [INFO] default - Sprite
[2019-05-10T12:13:49.576] [INFO] default - Animation
[2019-05-10T12:13:49.577] [INFO] default - Frame
[2019-05-10T12:13:49.577] [INFO] default - Sound
[2019-05-10T12:13:49.577] [INFO] default - GamepadEvent
[2019-05-10T12:13:49.577] [INFO] default - InputEvent
[2019-05-10T12:13:49.577] [INFO] default - Renderable
[2019-05-10T12:13:49.577] [INFO] default - Rectangle
[2019-05-10T12:13:49.577] [INFO] default - Shot
[2019-05-10T12:13:49.577] [INFO] default - Projectile
[2019-05-10T12:13:49.577] [INFO] default - KeyboardEvent
[2019-05-10T12:13:49.577] [INFO] default - VectorFrameBounds
[2019-05-10T12:13:49.577] [INFO] default - GameImage
[2019-05-10T12:13:49.577] [INFO] default - Vector
[2019-05-10T12:13:49.577] [INFO] default - WebGL
[2019-05-10T12:13:49.577] [INFO] default - BoolEvent
[2019-05-10T12:13:49.577] [INFO] default - --applying examples
[2019-05-10T12:14:35.262] [INFO] default - --gathered examples.json data
[2019-05-10T12:14:35.549] [INFO] default - GameWindow
[2019-05-10T12:14:35.549] [INFO] default - Camera
[2019-05-10T12:14:35.549] [INFO] default - Sprite
[2019-05-10T12:14:35.550] [INFO] default - Animation
[2019-05-10T12:14:35.550] [INFO] default - Frame
[2019-05-10T12:14:35.550] [INFO] default - Sound
[2019-05-10T12:14:35.550] [INFO] default - GamepadEvent
[2019-05-10T12:14:35.550] [INFO] default - InputEvent
[2019-05-10T12:14:35.550] [INFO] default - Renderable
[2019-05-10T12:14:35.550] [INFO] default - Rectangle
[2019-05-10T12:14:35.550] [INFO] default - Shot
[2019-05-10T12:14:35.550] [INFO] default - Projectile
[2019-05-10T12:14:35.550] [INFO] default - KeyboardEvent
[2019-05-10T12:14:35.550] [INFO] default - VectorFrameBounds
[2019-05-10T12:14:35.550] [INFO] default - GameImage
[2019-05-10T12:14:35.550] [INFO] default - Vector
[2019-05-10T12:14:35.550] [INFO] default - WebGL
[2019-05-10T12:14:35.551] [INFO] default - BoolEvent
[2019-05-10T12:14:35.551] [INFO] default - --applying examples
[2019-05-11T21:00:26.128] [INFO] default - --gathered examples.json data
[2019-05-11T21:00:31.327] [INFO] default - GameWindow
[2019-05-11T21:00:31.328] [INFO] default - Camera
[2019-05-11T21:00:31.329] [INFO] default - Sprite
[2019-05-11T21:00:31.329] [INFO] default - Animation
[2019-05-11T21:00:31.329] [INFO] default - Frame
[2019-05-11T21:00:31.329] [INFO] default - Sound
[2019-05-11T21:00:31.329] [INFO] default - GamepadEvent
[2019-05-11T21:00:31.329] [INFO] default - InputEvent
[2019-05-11T21:00:31.329] [INFO] default - Renderable
[2019-05-11T21:00:31.329] [INFO] default - Rectangle
[2019-05-11T21:00:31.330] [INFO] default - Shot
[2019-05-11T21:00:31.330] [INFO] default - Projectile
[2019-05-11T21:00:31.330] [INFO] default - KeyboardEvent
[2019-05-11T21:00:31.330] [INFO] default - VectorFrameBounds
[2019-05-11T21:00:31.330] [INFO] default - GameImage
[2019-05-11T21:00:31.330] [INFO] default - Vector
[2019-05-11T21:00:31.330] [INFO] default - WebGL
[2019-05-11T21:00:31.330] [INFO] default - BoolEvent
[2019-05-11T21:00:31.331] [INFO] default - --applying examples
